<?xml version="1.0" encoding="UTF-8"?>
<testsuite xmlns:xsi="http://www.w3.org/2001/XMLSchema-instance" xsi:noNamespaceSchemaLocation="https://maven.apache.org/surefire/maven-surefire-plugin/xsd/surefire-test-report.xsd" name="view.test.UserInputValidationTest" time="0" tests="14" errors="0" skipped="0" failures="0">
  <properties>
    <property name="sun.desktop" value="windows"/>
    <property name="awt.toolkit" value="sun.awt.windows.WToolkit"/>
    <property name="java.specification.version" value="12"/>
    <property name="sun.cpu.isalist" value="amd64"/>
    <property name="sun.jnu.encoding" value="Cp1252"/>
    <property name="java.class.path" value="D:\200. Workspaces\Universität\KBE Git\kbe_maumau\maumau\target\test-classes;D:\200. Workspaces\Universität\KBE Git\kbe_maumau\maumau\target\classes;C:\Users\Marcel\.m2\repository\org\junit\jupiter\junit-jupiter-api\5.4.2\junit-jupiter-api-5.4.2.jar;C:\Users\Marcel\.m2\repository\org\apiguardian\apiguardian-api\1.0.0\apiguardian-api-1.0.0.jar;C:\Users\Marcel\.m2\repository\org\opentest4j\opentest4j\1.1.1\opentest4j-1.1.1.jar;C:\Users\Marcel\.m2\repository\org\junit\platform\junit-platform-commons\1.4.2\junit-platform-commons-1.4.2.jar;C:\Users\Marcel\.m2\repository\org\junit\jupiter\junit-jupiter-engine\5.4.2\junit-jupiter-engine-5.4.2.jar;C:\Users\Marcel\.m2\repository\org\junit\platform\junit-platform-engine\1.4.2\junit-platform-engine-1.4.2.jar;C:\Users\Marcel\.m2\repository\org\junit\vintage\junit-vintage-engine\5.4.2\junit-vintage-engine-5.4.2.jar;C:\Users\Marcel\.m2\repository\junit\junit\4.12\junit-4.12.jar;C:\Users\Marcel\.m2\repository\org\hamcrest\hamcrest-core\1.3\hamcrest-core-1.3.jar;C:\Users\Marcel\.m2\repository\org\springframework\spring-context\5.1.7.RELEASE\spring-context-5.1.7.RELEASE.jar;C:\Users\Marcel\.m2\repository\org\springframework\spring-aop\5.1.7.RELEASE\spring-aop-5.1.7.RELEASE.jar;C:\Users\Marcel\.m2\repository\org\springframework\spring-beans\5.1.7.RELEASE\spring-beans-5.1.7.RELEASE.jar;C:\Users\Marcel\.m2\repository\org\springframework\spring-core\5.1.7.RELEASE\spring-core-5.1.7.RELEASE.jar;C:\Users\Marcel\.m2\repository\org\springframework\spring-jcl\5.1.7.RELEASE\spring-jcl-5.1.7.RELEASE.jar;C:\Users\Marcel\.m2\repository\org\springframework\spring-expression\5.1.7.RELEASE\spring-expression-5.1.7.RELEASE.jar;C:\Users\Marcel\.m2\repository\org\mockito\mockito-core\2.23.4\mockito-core-2.23.4.jar;C:\Users\Marcel\.m2\repository\net\bytebuddy\byte-buddy\1.9.3\byte-buddy-1.9.3.jar;C:\Users\Marcel\.m2\repository\net\bytebuddy\byte-buddy-agent\1.9.3\byte-buddy-agent-1.9.3.jar;C:\Users\Marcel\.m2\repository\org\objenesis\objenesis\2.6\objenesis-2.6.jar;C:\Users\Marcel\.m2\repository\com\h2database\h2\1.4.199\h2-1.4.199.jar;"/>
    <property name="java.vm.vendor" value="Oracle Corporation"/>
    <property name="sun.arch.data.model" value="64"/>
    <property name="user.variant" value=""/>
    <property name="java.vendor.url" value="https://java.oracle.com/"/>
    <property name="user.timezone" value="Europe/Berlin"/>
    <property name="os.name" value="Windows 10"/>
    <property name="java.vm.specification.version" value="12"/>
    <property name="sun.java.launcher" value="SUN_STANDARD"/>
    <property name="user.country" value="DE"/>
    <property name="sun.boot.library.path" value="C:\RT\Java\12\bin"/>
    <property name="sun.java.command" value="C:\Users\Marcel\AppData\Local\Temp\surefire8686677152333017602\surefirebooter16313462775662961848.jar C:\Users\Marcel\AppData\Local\Temp\surefire8686677152333017602 2019-06-14T18-48-11_534-jvmRun1 surefire16033728982014301431tmp surefire_04412533676871708593tmp"/>
    <property name="jdk.debug" value="release"/>
    <property name="surefire.test.class.path" value="D:\200. Workspaces\Universität\KBE Git\kbe_maumau\maumau\target\test-classes;D:\200. Workspaces\Universität\KBE Git\kbe_maumau\maumau\target\classes;C:\Users\Marcel\.m2\repository\org\junit\jupiter\junit-jupiter-api\5.4.2\junit-jupiter-api-5.4.2.jar;C:\Users\Marcel\.m2\repository\org\apiguardian\apiguardian-api\1.0.0\apiguardian-api-1.0.0.jar;C:\Users\Marcel\.m2\repository\org\opentest4j\opentest4j\1.1.1\opentest4j-1.1.1.jar;C:\Users\Marcel\.m2\repository\org\junit\platform\junit-platform-commons\1.4.2\junit-platform-commons-1.4.2.jar;C:\Users\Marcel\.m2\repository\org\junit\jupiter\junit-jupiter-engine\5.4.2\junit-jupiter-engine-5.4.2.jar;C:\Users\Marcel\.m2\repository\org\junit\platform\junit-platform-engine\1.4.2\junit-platform-engine-1.4.2.jar;C:\Users\Marcel\.m2\repository\org\junit\vintage\junit-vintage-engine\5.4.2\junit-vintage-engine-5.4.2.jar;C:\Users\Marcel\.m2\repository\junit\junit\4.12\junit-4.12.jar;C:\Users\Marcel\.m2\repository\org\hamcrest\hamcrest-core\1.3\hamcrest-core-1.3.jar;C:\Users\Marcel\.m2\repository\org\springframework\spring-context\5.1.7.RELEASE\spring-context-5.1.7.RELEASE.jar;C:\Users\Marcel\.m2\repository\org\springframework\spring-aop\5.1.7.RELEASE\spring-aop-5.1.7.RELEASE.jar;C:\Users\Marcel\.m2\repository\org\springframework\spring-beans\5.1.7.RELEASE\spring-beans-5.1.7.RELEASE.jar;C:\Users\Marcel\.m2\repository\org\springframework\spring-core\5.1.7.RELEASE\spring-core-5.1.7.RELEASE.jar;C:\Users\Marcel\.m2\repository\org\springframework\spring-jcl\5.1.7.RELEASE\spring-jcl-5.1.7.RELEASE.jar;C:\Users\Marcel\.m2\repository\org\springframework\spring-expression\5.1.7.RELEASE\spring-expression-5.1.7.RELEASE.jar;C:\Users\Marcel\.m2\repository\org\mockito\mockito-core\2.23.4\mockito-core-2.23.4.jar;C:\Users\Marcel\.m2\repository\net\bytebuddy\byte-buddy\1.9.3\byte-buddy-1.9.3.jar;C:\Users\Marcel\.m2\repository\net\bytebuddy\byte-buddy-agent\1.9.3\byte-buddy-agent-1.9.3.jar;C:\Users\Marcel\.m2\repository\org\objenesis\objenesis\2.6\objenesis-2.6.jar;C:\Users\Marcel\.m2\repository\com\h2database\h2\1.4.199\h2-1.4.199.jar;"/>
    <property name="sun.cpu.endian" value="little"/>
    <property name="user.home" value="C:\Users\Marcel"/>
    <property name="user.language" value="de"/>
    <property name="java.specification.vendor" value="Oracle Corporation"/>
    <property name="java.version.date" value="2019-04-16"/>
    <property name="java.home" value="C:\RT\Java\12"/>
    <property name="file.separator" value="\"/>
    <property name="basedir" value="D:\200. Workspaces\Universität\KBE Git\kbe_maumau\maumau"/>
    <property name="java.vm.compressedOopsMode" value="32-bit"/>
    <property name="line.separator" value="&#10;"/>
    <property name="java.vm.specification.vendor" value="Oracle Corporation"/>
    <property name="java.specification.name" value="Java Platform API Specification"/>
    <property name="java.awt.graphicsenv" value="sun.awt.Win32GraphicsEnvironment"/>
    <property name="surefire.real.class.path" value="C:\Users\Marcel\AppData\Local\Temp\surefire8686677152333017602\surefirebooter16313462775662961848.jar"/>
    <property name="user.script" value=""/>
    <property name="sun.management.compiler" value="HotSpot 64-Bit Tiered Compilers"/>
    <property name="java.runtime.version" value="12.0.1+12"/>
    <property name="user.name" value="Marcel"/>
    <property name="path.separator" value=";"/>
    <property name="os.version" value="10.0"/>
    <property name="java.runtime.name" value="Java(TM) SE Runtime Environment"/>
    <property name="file.encoding" value="Cp1252"/>
    <property name="java.vm.name" value="Java HotSpot(TM) 64-Bit Server VM"/>
    <property name="localRepository" value="C:\Users\Marcel\.m2\repository"/>
    <property name="java.vendor.url.bug" value="https://bugreport.java.com/bugreport/"/>
    <property name="java.io.tmpdir" value="C:\Users\Marcel\AppData\Local\Temp\"/>
    <property name="java.version" value="12.0.1"/>
    <property name="user.dir" value="D:\200. Workspaces\Universität\KBE Git\kbe_maumau\maumau"/>
    <property name="os.arch" value="amd64"/>
    <property name="java.vm.specification.name" value="Java Virtual Machine Specification"/>
    <property name="sun.os.patch.level" value=""/>
    <property name="java.library.path" value="C:\RT\Java\12\bin;C:\WINDOWS\Sun\Java\bin;C:\WINDOWS\system32;C:\WINDOWS;C:/RT/Java/8191/jav/bin/server;C:/RT/Java/8191/jav/bin;C:/RT/Java/8191/jav/lib/amd64;C:\Program Files (x86)\Common Files\Oracle\Java\javapath;C:\Windows\system32;C:\Windows;C:\Windows\System32\Wbem;C:\Windows\System32\WindowsPowerShell\v1.0\;C:\Program Files (x86)\NVIDIA Corporation\PhysX\Common;C:\RT\nJS\;C:\WINDOWS\system32;C:\WINDOWS;C:\WINDOWS\System32\Wbem;C:\WINDOWS\System32\WindowsPowerShell\v1.0\;C:\WINDOWS\System32\OpenSSH\;C:\PGP;D:\300. Programme\Git\cmd;C:\Program Files (x86)\Common Files\Oracle\Java\javapath;C:\Windows\system32;C:\Windows;C:\Windows\System32\Wbem;C:\Windows\System32\WindowsPowerShell\v1.0\;C:\Program Files (x86)\NVIDIA Corporation\PhysX\Common;C:\RT\nJS\;C:\Users\Marcel\AppData\Local\Microsoft\WindowsApps;C:\Users\Marcel\AppData\Roaming\npm;C:\RT\Py3;C:\RT\Py3\scr;C:\Users\Marcel\AppData\Local\Microsoft\WindowsApps;C:\RT\Java\8191\bin;C:\RT\hdp\bin;;C:\WINDOWS\system32;;."/>
    <property name="java.vm.info" value="mixed mode, sharing"/>
    <property name="java.vendor" value="Oracle Corporation"/>
    <property name="java.vm.version" value="12.0.1+12"/>
    <property name="sun.io.unicode.encoding" value="UnicodeLittle"/>
    <property name="java.class.version" value="56.0"/>
  </properties>
  <testcase name="testVerifySymbolInputFalseInput" classname="view.test.UserInputValidationTest" time="0"/>
  <testcase name="testYesOrNoWithYes" classname="view.test.UserInputValidationTest" time="0"/>
  <testcase name="checkYesNoValidationCorrectWithNo" classname="view.test.UserInputValidationTest" time="0"/>
  <testcase name="testVerifyPlayOrTakeInputWrongInput" classname="view.test.UserInputValidationTest" time="0"/>
  <testcase name="testYesOrNoWithNo" classname="view.test.UserInputValidationTest" time="0"/>
  <testcase name="testVerifyValueInputWrongInput" classname="view.test.UserInputValidationTest" time="0"/>
  <testcase name="testVerifyPlayOrTakeInputCorrectInput" classname="view.test.UserInputValidationTest" time="0"/>
  <testcase name="checkYesNoValidationWrongWithYes" classname="view.test.UserInputValidationTest" time="0"/>
  <testcase name="testVerifyIfCardInUserHandNotInHand" classname="view.test.UserInputValidationTest" time="0"/>
  <testcase name="testVerifyIfCardInUserHandInHand" classname="view.test.UserInputValidationTest" time="0"/>
  <testcase name="checkYesNoValidationCorrectWithYes" classname="view.test.UserInputValidationTest" time="0"/>
  <testcase name="checkYesNoValidationWrongWithNo" classname="view.test.UserInputValidationTest" time="0"/>
  <testcase name="testVerifySymbolInputCorrectInput" classname="view.test.UserInputValidationTest" time="0"/>
  <testcase name="testVerifyValueInputCorrectInput" classname="view.test.UserInputValidationTest" time="0"/>
</testsuite>